\BOOKMARK [0][-]{chapter*.1}{\376\377\166\356\137\125}{}% 1
\BOOKMARK [0][-]{chapter.0.1}{\376\377\173\054\116\000\172\340\000\040\000\040\000s\000t\000l}{}% 2
\BOOKMARK [1][-]{section.0.1.1}{\376\377\0001\000\040\000a\000l\000g\000o\000r\000i\000t\000h\000m}{chapter.0.1}% 3
\BOOKMARK [2][-]{subsection.0.1.1.1}{\376\377\0001\000.\0001\000\040\000s\000o\000r\000t}{section.0.1.1}% 4
\BOOKMARK [1][-]{section.0.1.2}{\376\377\0002\000\040\000c\000o\000n\000t\000a\000i\000n\000e\000r}{chapter.0.1}% 5
\BOOKMARK [2][-]{subsection.0.1.2.1}{\376\377\0002\000.\0001\000\040\000s\000e\000q\000u\000e\000n\000t\000i\000a\000l\000\040\000c\000o\000n\000t\000a\000i\000n\000e\000r}{section.0.1.2}% 6
\BOOKMARK [3][-]{subsubsection.0.1.2.1.1}{\376\377\0002\000.\0001\000.\0001\000\040\000v\000e\000c\000t\000o\000r}{subsection.0.1.2.1}% 7
\BOOKMARK [3][-]{subsubsection.0.1.2.1.2}{\376\377\0002\000.\0001\000.\0002\000\040\000N\000O\000I\000P\0002\0000\0001\0005\146\156\123\312\176\304\000T\0002}{subsection.0.1.2.1}% 8
\BOOKMARK [1][-]{section.0.1.3}{\376\377\0003\000\040\000i\000t\000e\000r\000a\000t\000o\000r}{chapter.0.1}% 9
\BOOKMARK [0][-]{chapter.0.2}{\376\377\173\054\116\214\172\340\000\040\000\040\000a\000r\000r\000a\000y}{}% 10
\BOOKMARK [1][-]{section.0.2.1}{\376\377\0001\000\040\133\211\137\275\167\001\220\011\142\324\0002\0000\0000\0001}{chapter.0.2}% 11
\BOOKMARK [0][-]{chapter.0.3}{\376\377\173\054\116\011\172\340\000\040\000\040\000t\000w\000o\000-\000d\000i\000m\000e\000n\000s\000i\000o\000n\000a\000l\000\040\000a\000r\000r\000a\000y}{}% 12
\BOOKMARK [1][-]{section.0.3.1}{\376\377\0001\000\040\000[\000N\000O\000I\000P\0002\0000\0001\0005\000\040\143\320\232\330\176\304\000]\000\040\171\136\131\107\166\204\136\173\145\271}{chapter.0.3}% 13
\BOOKMARK [0][-]{chapter.0.4}{\376\377\173\054\126\333\172\340\000\040\000\040\000f\000o\000r}{}% 14
\BOOKMARK [1][-]{section.0.4.1}{\376\377\0001\000\040}{chapter.0.4}% 15
\BOOKMARK [0][-]{chapter.0.5}{\376\377\173\054\116\224\172\340\000\040\000\040\000d\000f\000s}{}% 16
\BOOKMARK [1][-]{section.0.5.1}{\376\377\0001\000\040}{chapter.0.5}% 17
\BOOKMARK [1][-]{section.0.5.2}{\376\377\0002\000\040}{chapter.0.5}% 18
\BOOKMARK [0][-]{chapter.0.6}{\376\377\173\054\121\155\172\340\000\040\000\040\000b\000f\000s}{}% 19
\BOOKMARK [1][-]{section.0.6.1}{\376\377\0001\000\040}{chapter.0.6}% 20
\BOOKMARK [0][-]{chapter.0.7}{\376\377\173\054\116\003\172\340\000\040\000\040\000b\000i\000n\000a\000r\000y\000S\000e\000a\000r\000c\000h}{}% 21
\BOOKMARK [1][-]{section.0.7.1}{\376\377\0001\000\040}{chapter.0.7}% 22
\BOOKMARK [1][-]{section.0.7.2}{\376\377\0002\000\040}{chapter.0.7}% 23
\BOOKMARK [1][-]{section.0.7.3}{\376\377\0003\000\040}{chapter.0.7}% 24
\BOOKMARK [0][-]{chapter.0.8}{\376\377\173\054\121\153\172\340\000\040\000\040\000m\000a\000t\000h\000e\000m\000a\000t\000i\000c\000s}{}% 25
\BOOKMARK [1][-]{section.0.8.1}{\376\377\0001\000\040}{chapter.0.8}% 26
\BOOKMARK [1][-]{section.0.8.2}{\376\377\0002\000\040}{chapter.0.8}% 27
\BOOKMARK [0][-]{chapter.0.9}{\376\377\173\054\116\135\172\340\000\040\000\040\000p\000r\000i\000m\000e}{}% 28
\BOOKMARK [1][-]{section.0.9.1}{\376\377\0001\000\040}{chapter.0.9}% 29
\BOOKMARK [1][-]{section.0.9.2}{\376\377\0002\000\040\000N\000O\000I\000P\000\040\0002\0000\0000\0002\000\040\146\156\123\312\176\304\173\054\116\214\230\230\220\011\145\160}{chapter.0.9}% 30
\BOOKMARK [0][-]{chapter.0.10}{\376\377\173\054\123\101\172\340\000\040\000\040\000q\000u\000e\000u\000e}{}% 31
\BOOKMARK [1][-]{section.0.10.1}{\376\377\0001\000\040\000p\000r\000i\000o\000r\000i\000t\000y\000\137\000q\000u\000e\000u\000e}{chapter.0.10}% 32
\BOOKMARK [2][-]{subsection.0.10.1.1}{\376\377\0001\000.\0001\000\040\000N\000O\000I\000P\0002\0000\0000\0004\000\040\143\320\232\330\176\304}{section.0.10.1}% 33
\BOOKMARK [0][-]{chapter.0.11}{\376\377\173\054\123\101\116\000\172\340\000\040\000\040\000g\000r\000e\000e\000d\000y}{}% 34
\BOOKMARK [1][-]{section.0.11.1}{\376\377\0001\000\040}{chapter.0.11}% 35
\BOOKMARK [1][-]{section.0.11.2}{\376\377\0002\000\040\000b\000o\000o\000k\000s\000h\000e\000l\000f}{chapter.0.11}% 36
\BOOKMARK [0][-]{chapter.0.12}{\376\377\173\054\123\101\116\214\172\340\000\040\000\040\000s\000o\000r\000t}{}% 37
\BOOKMARK [1][-]{section.0.12.1}{\376\377\0001\000\040}{chapter.0.12}% 38
\BOOKMARK [1][-]{section.0.12.2}{\376\377\0002\000\040\000N\000O\000I\000P\0002\0000\0000\0007\000\040\146\156\123\312\176\304\000\040\000T\0001}{chapter.0.12}% 39
\BOOKMARK [0][-]{chapter.0.13}{\376\377\173\054\123\101\116\011\172\340\000\040\000\040\000s\000e\000t}{}% 40
\BOOKMARK [1][-]{section.0.13.1}{\376\377\0001\000\040\000N\000O\000I\000P\000\040\0002\0000\0000\0006\000\040\146\156\123\312\176\304\000\040\173\054\116\000\230\230}{chapter.0.13}% 41
\BOOKMARK [0][-]{chapter.0.14}{\376\377\173\054\123\101\126\333\172\340\000\040\000\040\000s\000t\000r\000i\000n\000g}{}% 42
\BOOKMARK [1][-]{section.0.14.1}{\376\377\0001\000\040\000N\000O\000I\000P\0001\0009\0009\0008\000\040\143\320\232\330\176\304}{chapter.0.14}% 43
\BOOKMARK [1][-]{section.0.14.2}{\376\377\0002\000\040\000n\000u\000m\000b\000e\000r}{chapter.0.14}% 44
\BOOKMARK [1][-]{section.0.14.3}{\376\377\0003\000\040\000p\000r\000i\000m\000e}{chapter.0.14}% 45
\BOOKMARK [1][-]{section.0.14.4}{\376\377\0004\000\040\000n\000o\000i\000p\0002\0000\0001\0008\000-\0001}{chapter.0.14}% 46
\BOOKMARK [1][-]{section.0.14.5}{\376\377\0005\000\040\000n\000o\000i\000p\0002\0000\0001\0002\000-\0001}{chapter.0.14}% 47
\BOOKMARK [1][-]{section.0.14.6}{\376\377\0006\000\040\000p\000o\000w}{chapter.0.14}% 48
\BOOKMARK [1][-]{section.0.14.7}{\376\377\0007\000\040\000p\000o\000w\000e\000r}{chapter.0.14}% 49
\BOOKMARK [1][-]{section.0.14.8}{\376\377\0008\000\040\000a\000r\000e\000a}{chapter.0.14}% 50
\BOOKMARK [1][-]{section.0.14.9}{\376\377\0009\000\040\000c\000h\000a\000r}{chapter.0.14}% 51
\BOOKMARK [1][-]{section.0.14.10}{\376\377\0001\0000\000\040\000n\000u\000m\000b\000e\000r\000R\000e\000v\000e\000r\000s\000e}{chapter.0.14}% 52
\BOOKMARK [1][-]{section.0.14.11}{\376\377\0001\0001\000\040\0001\0000\0008\0005\000n\000o\000i\000p\0002\0000\0000\0004\000-\0001}{chapter.0.14}% 53
\BOOKMARK [1][-]{section.0.14.12}{\376\377\0001\0002\000\040\000b\000u\000y\000P\000e\000n\000c\000i\000l}{chapter.0.14}% 54
\BOOKMARK [1][-]{section.0.14.13}{\376\377\0001\0003\000\040\000n\000o\000i\000p\0002\0000\0000\0004\146\156\123\312\000-\0001}{chapter.0.14}% 55
\BOOKMARK [1][-]{section.0.14.14}{\376\377\0001\0004\000\040\000s\000u\000b\000w\000a\000y}{chapter.0.14}% 56
\BOOKMARK [0][-]{chapter.0.15}{\376\377\173\054\123\101\116\224\172\340\000\040\000\040\000g\000r\000a\000p\000h}{}% 57
\BOOKMARK [1][-]{section.0.15.1}{\376\377\0001\000\040\000b\000i\000p\000a\000r\000t\000i\000t\000e\000\040\000g\000r\000a\000p\000h}{chapter.0.15}% 58
\BOOKMARK [2][-]{subsection.0.15.1.1}{\376\377\0001\000.\0001\000\040\000t\000r\000a\000n\000s\000f\000o\000r\000m}{section.0.15.1}% 59
\BOOKMARK [1][-]{section.0.15.2}{\376\377\0002\000\040\000e\000x\000p\000r}{chapter.0.15}% 60
\BOOKMARK [1][-]{section.0.15.3}{\376\377\0003\000\040\000n\000o\000i\000p\0002\0000\0000\0002\000-\0001}{chapter.0.15}% 61
\BOOKMARK [1][-]{section.0.15.4}{\376\377\0004\000\040\000g\000c\000d}{chapter.0.15}% 62
\BOOKMARK [1][-]{section.0.15.5}{\376\377\0005\000\040\000b\000u\000b\000b\000l\000e\000S\000o\000r\000t}{chapter.0.15}% 63
\BOOKMARK [1][-]{section.0.15.6}{\376\377\0006\000\040\000d\000e\000c\000o\000d\000e}{chapter.0.15}% 64
\BOOKMARK [1][-]{section.0.15.7}{\376\377\0007\000\040\000c\000a\000n\000d\000y}{chapter.0.15}% 65
\BOOKMARK [1][-]{section.0.15.8}{\376\377\0008\000\040\124\016\177\000\201\352\122\250\147\072}{chapter.0.15}% 66
\BOOKMARK [1][-]{section.0.15.9}{\376\377\0009\000\040\000d\000a\000g}{chapter.0.15}% 67
\BOOKMARK [1][-]{section.0.15.10}{\376\377\0001\0000\000\040\147\000\131\047\155\101\225\356\230\230}{chapter.0.15}% 68
\BOOKMARK [1][-]{section.0.15.11}{\376\377\0001\0001\000\040\147\000\167\355\215\357\137\204\377\010\000D\000i\000j\000k\000s\000t\000r\000a\000\040\173\227\154\325\377\011}{chapter.0.15}% 69
\BOOKMARK [1][-]{section.0.15.12}{\376\377\0001\0002\000\040\122\250\140\001\211\304\122\022\377\010\0000\0001\000\040\200\314\123\005\225\356\230\230\377\011}{chapter.0.15}% 70
\BOOKMARK [1][-]{section.0.15.13}{\376\377\0001\0003\000\040\000b\000i\000n\000a\000r\000y\000S\000e\000a\000r\000c\000h}{chapter.0.15}% 71
\BOOKMARK [1][-]{section.0.15.14}{\376\377\0001\0004\000\040\143\222\136\217\225\356\230\230}{chapter.0.15}% 72
\BOOKMARK [1][-]{section.0.15.15}{\376\377\0001\0005\000\040\000d\000f\000s\155\361\136\246\117\030\121\110\144\034\175\042}{chapter.0.15}% 73
\BOOKMARK [1][-]{section.0.15.16}{\376\377\0001\0006\000\040\000B\000F\000S\136\177\136\246\117\030\121\110\144\034\175\042}{chapter.0.15}% 74
\BOOKMARK [1][-]{section.0.15.17}{\376\377\0001\0007\000\040\000b\000u\000s}{chapter.0.15}% 75
\BOOKMARK [1][-]{section.0.15.18}{\376\377\0001\0008\000\040\000l\000i\000v\000e}{chapter.0.15}% 76
\BOOKMARK [1][-]{section.0.15.19}{\376\377\0001\0009\000\040\000n\000u\000m\000b\000e\000r}{chapter.0.15}% 77
\BOOKMARK [1][-]{section.0.15.20}{\376\377\0002\0000\000\040\000e\000x\000p\000r}{chapter.0.15}% 78
\BOOKMARK [1][-]{section.0.15.21}{\376\377\0002\0001\000\040\000p\000o\000i\000n\000t}{chapter.0.15}% 79
\BOOKMARK [1][-]{section.0.15.22}{\376\377\0002\0002\000\040\000f\000r\000u\000i\000t}{chapter.0.15}% 80
\BOOKMARK [1][-]{section.0.15.23}{\376\377\0002\0003\000\040\000s\000o\000r\000t}{chapter.0.15}% 81
\BOOKMARK [1][-]{section.0.15.24}{\376\377\0002\0004\000\040\000s\000o\000l\000v\000e}{chapter.0.15}% 82
\BOOKMARK [1][-]{section.0.15.25}{\376\377\0002\0005\000\040\000n\000e\000t\000w\000o\000r\000k}{chapter.0.15}% 83
\BOOKMARK [1][-]{section.0.15.26}{\376\377\0002\0006\000\040\000j\000o\000s\000e\000p\000h\000u\000s}{chapter.0.15}% 84
